A D/about////
A D/calc////
A D/cmdd////
A D/codeprop////
A D/deluge////
A D/dhcp////
A D/directory////
A D/editor////
A D/email////
A D/ftp////
A D/irc////
A D/meshroute////
A D/netconf////
A D/ping6////
A D/process-list////
A D/program-handler////
A D/radio-test////
A D/raven-ipso////
A D/raven-lcd-interface////
A D/raven-webserver////
A D/rudolph////
A D/serial-shell////
A D/shell////
A D/telnet////
A D/telnetd////
A D/treeroute////
A D/twitter////
A D/udp////
A D/vnc////
A D/webbrowser////
A D/webserver////
